2026-03-12 17:35:56,323 - INFO - 配置文件加载成功: config/config.yaml
2026-03-12 17:35:56,328 - INFO - 配置文件加载成功: config/config.yaml
2026-03-12 17:35:56,328 - INFO - 配置文件已重新加载: config/config.yaml
2026-03-12 17:35:56,329 - INFO - 配置文件加载成功: config/config.yaml
2026-03-12 17:35:56,329 - INFO - 配置文件已重新加载: config/config.yaml
2026-03-12 17:35:56,330 - INFO - 配置文件加载成功: config/config.yaml
2026-03-12 17:35:56,330 - INFO - 配置文件已重新加载: config/config.yaml
2026-03-12 17:35:56,331 - INFO - 配置文件加载成功: config/config.yaml
2026-03-12 17:35:56,331 - INFO - 配置文件已重新加载: config/config.yaml
2026-03-12 17:35:56,333 - INFO - 配置文件加载成功: config/config.yaml
2026-03-12 17:35:56,333 - INFO - 配置文件已重新加载: config/config.yaml
2026-03-12 17:35:56,334 - INFO - 配置文件加载成功: config/config.yaml
2026-03-12 17:35:56,334 - INFO - 配置文件已重新加载: config/config.yaml
2026-03-12 17:36:18,707 - INFO - 登录成功: 登录成功
2026-03-12 17:36:21,014 - INFO - 登录成功: 登录成功
2026-03-12 17:36:42,762 - INFO - 推荐操作成功: 0
2026-03-12 17:36:49,346 - INFO - 点赞成功: https://www.toutiao.com/video/7615653084676604462/ - 点赞内容
2026-03-12 17:37:07,480 - INFO - 点赞成功: https://www.toutiao.com/video/7606256539778679346/ - 点赞内容
2026-03-12 17:37:31,951 - INFO - 关注成功: 2
2026-03-12 17:38:04,261 - INFO - 关注成功: 0
2026-03-12 17:41:04,551 - INFO - 配置文件加载成功: config/config.yaml
2026-03-12 17:41:04,553 - INFO - 配置文件加载成功: config/config.yaml
2026-03-12 17:41:04,553 - INFO - 配置文件已重新加载: config/config.yaml
2026-03-12 17:41:04,555 - INFO - 配置文件加载成功: config/config.yaml
2026-03-12 17:41:04,555 - INFO - 配置文件已重新加载: config/config.yaml
2026-03-12 17:41:04,556 - INFO - 配置文件加载成功: config/config.yaml
2026-03-12 17:41:04,556 - INFO - 配置文件已重新加载: config/config.yaml
2026-03-12 17:41:04,558 - INFO - 配置文件加载成功: config/config.yaml
2026-03-12 17:41:04,558 - INFO - 配置文件已重新加载: config/config.yaml
2026-03-12 17:41:04,559 - INFO - 配置文件加载成功: config/config.yaml
2026-03-12 17:41:04,559 - INFO - 配置文件已重新加载: config/config.yaml
2026-03-12 17:41:04,560 - INFO - 配置文件加载成功: config/config.yaml
2026-03-12 17:41:04,560 - INFO - 配置文件已重新加载: config/config.yaml
2026-03-12 17:41:26,815 - INFO - 登录成功: 登录成功
2026-03-12 17:41:29,397 - INFO - 登录成功: 登录成功
2026-03-12 17:41:48,228 - INFO - 推荐操作成功: 0
2026-03-12 17:41:57,007 - INFO - 点赞成功: https://www.toutiao.com/video/7595476109156713014/ - 点赞内容
2026-03-12 17:42:15,402 - INFO - 点赞成功: https://www.toutiao.com/article/7616029913010766345/ - 点赞内容
2026-03-12 17:42:40,856 - INFO - 关注成功: 2
